[2026-02-13 00:10:11] Pipeline start
[2026-02-13 00:10:11] Collector attempt 1
[2026-02-13 00:10:11] Writer start
[2026-02-13 00:10:11] Writer attempt 1
[2026-02-13 00:10:13] Quality gate start
[2026-02-13 00:10:13] Publisher start
[2026-02-13 00:10:13] Publisher result: published
[2026-02-13 00:10:13] Writer attempt 1
[2026-02-13 00:10:15] Quality gate start
[2026-02-13 00:10:15] Publisher start
[2026-02-13 00:10:15] Publisher result: skipped
[2026-02-13 00:10:15] Writer attempt 1
[2026-02-13 00:10:16] Quality gate start
[2026-02-13 00:10:16] Publisher start
[2026-02-13 00:10:16] Publisher result: published
[2026-02-13 00:10:16] Writer attempt 1
[2026-02-13 00:10:17] Quality gate start
[2026-02-13 00:10:17] Publisher start
[2026-02-13 00:10:17] Publisher result: published
[2026-02-13 00:10:17] Pipeline done
[2026-02-13 06:55:02] Pipeline start
[2026-02-13 06:55:02] Collector cache hit
[2026-02-13 06:55:02] Writer start
[2026-02-13 06:55:02] Writer attempt 1
[2026-02-13 06:55:03] Quality gate start
[2026-02-13 06:55:03] Publisher start
[2026-02-13 06:55:03] Publisher result: skipped
[2026-02-13 06:55:03] Writer attempt 1
[2026-02-13 06:55:05] Quality gate start
[2026-02-13 06:55:05] Publisher start
[2026-02-13 06:55:05] Publisher result: skipped
[2026-02-13 06:55:05] Writer attempt 1
[2026-02-13 06:55:06] Quality gate start
[2026-02-13 06:55:06] Publisher start
[2026-02-13 06:55:06] Publisher result: skipped
[2026-02-13 06:55:06] Writer attempt 1
[2026-02-13 06:55:07] Quality gate start
[2026-02-13 06:55:07] Publisher start
[2026-02-13 06:55:07] Publisher result: skipped
[2026-02-13 06:55:07] Pipeline done
