[2026-02-14 06:55:55] Pipeline start
[2026-02-14 06:55:55] Collector attempt 1
[2026-02-14 06:55:55] Writer start
[2026-02-14 06:55:55] Writer attempt 1
[2026-02-14 06:55:57] Quality gate start
[2026-02-14 06:55:57] Publisher start
[2026-02-14 06:55:57] Publisher result: published
[2026-02-14 06:55:57] Writer attempt 1
[2026-02-14 06:55:58] Quality gate start
[2026-02-14 06:55:58] Publisher start
[2026-02-14 06:55:58] Publisher result: skipped
[2026-02-14 06:55:58] Writer attempt 1
[2026-02-14 06:55:59] Quality gate start
[2026-02-14 06:55:59] Publisher start
[2026-02-14 06:55:59] Publisher result: published
[2026-02-14 06:55:59] Writer attempt 1
[2026-02-14 06:56:01] Quality gate start
[2026-02-14 06:56:01] Publisher start
[2026-02-14 06:56:01] Publisher result: published
[2026-02-14 06:56:01] Pipeline done
